n0 0 9
(2078,7888,1)-(2078,7888,2)
(2078,7853,2)-(2078,7888,2)
(2078,7853,1)-(2078,7853,2)
(2078,7853,1)-(2078,7853,2)
(2078,7853,2)-(2078,7888,2)
(2078,7853,1)-(2148,7853,1)
(2078,7888,2)-(2078,8588,2)
(2078,8588,1)-(2078,8588,2)
(2078,8588,1)-(2848,8588,1)
!
n1 1 3
(2848,8728,1)-(2848,8728,2)
(2848,8588,2)-(2848,8728,2)
(2848,8588,1)-(2848,8588,2)
!
n10 10 51
(3618,6733,1)-(3618,6733,2)
(3618,6698,2)-(3618,6733,2)
(3618,6698,1)-(3618,6698,2)
(3583,6698,1)-(3618,6698,1)
(3618,6698,1)-(3618,6698,2)
(3618,6663,2)-(3618,6698,2)
(3618,6663,1)-(3618,6663,2)
(3583,6663,1)-(3618,6663,1)
(3618,6733,2)-(3618,6803,2)
(3618,6803,1)-(3618,6803,2)
(3618,6768,2)-(3618,6803,2)
(3618,6803,2)-(3618,6838,2)
(3618,6838,1)-(3618,6838,2)
(3618,6838,2)-(3618,6908,2)
(3618,6908,1)-(3618,6908,2)
(3618,6908,2)-(3618,7048,2)
(3618,7048,1)-(3618,7048,2)
(2603,7048,1)-(3618,7048,1)
(2603,7048,1)-(2673,7048,1)
(2603,7048,1)-(2603,7048,2)
(2603,7048,2)-(2603,7153,2)
(2603,7153,1)-(2603,7153,2)
(2358,7153,1)-(2603,7153,1)
(2778,7048,1)-(2813,7048,1)
(2778,7048,1)-(2778,7048,2)
(2778,7048,2)-(2778,8203,2)
(2778,8203,1)-(2778,8203,2)
(2778,8168,2)-(2778,8203,2)
(2778,8203,2)-(2778,8518,2)
(2778,8518,1)-(2778,8518,2)
(2778,8518,1)-(3233,8518,1)
(2778,8378,2)-(2778,8413,2)
(2778,8413,1)-(2778,8413,2)
(1938,8413,1)-(2778,8413,1)
(1938,8413,1)-(2008,8413,1)
(1938,8413,1)-(1938,8413,2)
(1938,8343,2)-(1938,8413,2)
(1938,8343,1)-(1938,8343,2)
(2008,8413,1)-(2008,8413,2)
(2008,8413,2)-(2008,8623,2)
(2008,8623,1)-(2008,8623,2)
(1938,8343,1)-(1938,8343,2)
(1168,8343,1)-(1938,8343,1)
(1168,8343,1)-(1273,8343,1)
(1168,8343,1)-(1168,8343,2)
(1168,8308,2)-(1168,8343,2)
(1168,8308,1)-(1168,8308,2)
(1168,8203,2)-(1168,8308,2)
(1168,8203,1)-(1168,8203,2)
(1168,8203,1)-(1168,8203,2)
(1168,8203,1)-(1203,8203,1)
!
n100 100 39
(8763,7783,1)-(8763,7783,2)
(8763,7608,2)-(8763,7783,2)
(8763,7608,1)-(8763,7608,2)
(8553,7608,1)-(8763,7608,1)
(8763,7608,2)-(8763,7783,2)
(8763,7783,1)-(8763,7783,2)
(8763,7223,2)-(8763,7608,2)
(8763,7223,1)-(8763,7223,2)
(8763,7783,1)-(8763,7783,2)
(8763,7783,2)-(8763,8133,2)
(8763,8133,1)-(8763,8133,2)
(8588,8133,1)-(8763,8133,1)
(8763,7258,2)-(8763,7398,2)
(8763,7258,1)-(8763,7258,2)
(7783,7258,1)-(8763,7258,1)
(7783,7258,1)-(7818,7258,1)
(7783,7258,1)-(7783,7258,2)
(7783,7258,2)-(7783,7328,2)
(7783,7328,1)-(7783,7328,2)
(7433,7328,1)-(7783,7328,1)
(8588,8133,1)-(8658,8133,1)
(8588,8133,1)-(8588,8133,2)
(8588,8133,2)-(8588,9778,2)
(8588,9778,1)-(8588,9778,2)
(8553,9778,1)-(8588,9778,1)
(8588,9778,1)-(8588,9778,2)
(8588,9778,2)-(8588,10233,2)
(8588,10233,1)-(8588,10233,2)
(7258,10233,1)-(8588,10233,1)
(7258,10233,1)-(7293,10233,1)
(7258,10233,1)-(7258,10233,2)
(7258,10233,2)-(7258,10758,2)
(7258,10758,1)-(7258,10758,2)
(6628,10758,1)-(7258,10758,1)
(6628,10758,1)-(6663,10758,1)
(6628,10758,1)-(6628,10758,2)
(6628,9428,2)-(6628,10758,2)
(6628,9428,1)-(6628,9428,2)
(5928,9428,1)-(6628,9428,1)
!
n1000 1000 22
(10478,7118,1)-(10548,7118,1)
(10478,7118,1)-(10513,7118,1)
(10478,7118,1)-(10478,7118,2)
(10478,7083,2)-(10478,7118,2)
(10478,7083,1)-(10478,7083,2)
(10513,7118,1)-(10548,7118,1)
(10548,7118,1)-(10548,7118,2)
(10548,7118,2)-(10548,7153,2)
(10548,7153,1)-(10548,7153,2)
(10548,7118,2)-(10548,7153,2)
(10548,7153,2)-(10548,7748,2)
(10548,7748,1)-(10548,7748,2)
(10513,7748,1)-(10548,7748,1)
(10548,7433,2)-(10548,7748,2)
(10548,7748,2)-(10548,9428,2)
(10548,9428,1)-(10548,9428,2)
(10513,9428,1)-(10548,9428,1)
(10513,9428,1)-(10548,9428,1)
(10548,9113,2)-(10548,9428,2)
(10548,9428,2)-(10548,9918,2)
(10548,9918,1)-(10548,9918,2)
(10478,9918,1)-(10548,9918,1)
!
n10000 10000 4
(9323,5053,1)-(9323,5053,2)
(9323,5053,2)-(9323,9358,2)
(9323,9358,1)-(9323,9358,2)
(9323,9358,1)-(10548,9358,1)
!
n100000 100000 5
(4528,5088,1)-(4563,5088,1)
(4528,5088,1)-(4563,5088,1)
(4563,5088,1)-(4878,5088,1)
(4773,5088,1)-(4808,5088,1)
(4808,5088,1)-(4843,5088,1)
!
n100002 100002 15
(4808,5298,1)-(4808,5298,2)
(4808,5263,2)-(4808,5298,2)
(4808,5263,1)-(4808,5263,2)
(4808,5298,1)-(4808,5298,2)
(4808,5298,2)-(4808,5333,2)
(4808,5333,1)-(4808,5333,2)
(4808,5333,1)-(4913,5333,1)
(4808,5333,1)-(4843,5333,1)
(4808,5333,1)-(4808,5333,2)
(4843,5333,1)-(4878,5333,1)
(4808,5333,1)-(4878,5333,1)
(4808,5333,1)-(4808,5333,2)
(4878,5333,1)-(4878,5333,2)
(4878,5333,2)-(4878,5368,2)
(4878,5368,1)-(4878,5368,2)
!
n100003 100003 8
(4843,5403,1)-(4878,5403,1)
(4843,5403,1)-(4878,5403,1)
(4878,5403,1)-(4878,5403,2)
(4878,5368,2)-(4878,5403,2)
(4878,5368,1)-(4878,5368,2)
(4843,5368,1)-(4878,5368,1)
(4843,5368,1)-(4913,5368,1)
(4843,5368,1)-(4878,5368,1)
!
n100004 100004 12
(4598,5298,1)-(4598,5298,2)
(4598,5263,2)-(4598,5298,2)
(4598,5263,1)-(4598,5263,2)
(4598,5298,2)-(4598,5333,2)
(4598,5333,1)-(4598,5333,2)
(4598,5333,1)-(4913,5333,1)
(4773,5333,1)-(4913,5333,1)
(4913,5333,1)-(4948,5333,1)
(4773,5333,1)-(4913,5333,1)
(4913,5333,1)-(4913,5333,2)
(4913,5333,2)-(4913,5368,2)
(4913,5368,1)-(4913,5368,2)
!
n100005 100005 12
(4633,5368,1)-(4633,5368,2)
(4633,5368,2)-(4633,5403,2)
(4633,5403,1)-(4633,5403,2)
(4633,5403,1)-(4913,5403,1)
(4633,5403,1)-(4913,5403,1)
(4633,5403,1)-(4633,5403,2)
(4633,5368,2)-(4633,5403,2)
(4913,5403,1)-(5018,5403,1)
(4913,5403,1)-(4948,5403,1)
(4913,5403,1)-(4913,5403,2)
(4913,5333,2)-(4913,5403,2)
(4913,5333,1)-(4913,5333,2)
!
n100006 100006 6
(4668,5403,1)-(4703,5403,1)
(4703,5403,1)-(5018,5403,1)
(4913,5403,1)-(5018,5403,1)
(5018,5403,1)-(5018,5403,2)
(5018,5403,2)-(5018,5438,2)
(5018,5438,1)-(5018,5438,2)
!
n100007 100007 9
(4738,5403,1)-(4738,5403,2)
(4738,5368,2)-(4738,5403,2)
(4738,5368,1)-(4738,5368,2)
(4703,5368,1)-(4738,5368,1)
(4738,5368,2)-(4738,5403,2)
(4738,5403,2)-(4738,5438,2)
(4738,5438,1)-(4738,5438,2)
(4738,5438,1)-(5053,5438,1)
(4983,5438,1)-(5018,5438,1)
!
n100008 100008 12
(4843,5403,1)-(4843,5403,2)
(4843,5368,2)-(4843,5403,2)
(4843,5368,1)-(4843,5368,2)
(4843,5403,1)-(4843,5403,2)
(4843,5403,1)-(5053,5403,1)
(4913,5403,1)-(5053,5403,1)
(5053,5403,1)-(5053,5403,2)
(5053,5403,2)-(5053,5438,2)
(5053,5438,1)-(5053,5438,2)
(5053,5438,1)-(5053,5438,2)
(5053,5403,2)-(5053,5438,2)
(5053,5438,1)-(5123,5438,1)
!
n100009 100009 11
(4808,5088,1)-(4808,5088,2)
(4808,5088,2)-(4808,5403,2)
(4808,5403,1)-(4808,5403,2)
(4808,5403,1)-(5088,5403,1)
(4913,5403,1)-(5088,5403,1)
(5088,5403,1)-(5088,5403,2)
(5088,5403,2)-(5088,5438,2)
(5088,5438,1)-(5088,5438,2)
(5088,5438,1)-(5123,5438,1)
(5088,5438,1)-(5123,5438,1)
(5123,5438,1)-(5298,5438,1)
!
n10001 10001 4
(10513,9603,1)-(10513,9603,2)
(10513,9603,2)-(10513,9918,2)
(10513,9918,1)-(10513,9918,2)
(10513,9918,1)-(11038,9918,1)
!
n100010 100010 10
(5158,5228,1)-(5158,5228,2)
(5158,5228,2)-(5158,5403,2)
(5158,5403,1)-(5158,5403,2)
(5158,5403,1)-(5298,5403,1)
(5158,5403,1)-(5298,5403,1)
(5298,5403,1)-(5333,5403,1)
(5158,5403,1)-(5298,5403,1)
(5298,5403,1)-(5298,5403,2)
(5298,5403,2)-(5298,5438,2)
(5298,5438,1)-(5298,5438,2)
!
n100011 100011 14
(5193,5263,1)-(5193,5263,2)
(5193,5263,2)-(5193,5403,2)
(5193,5403,1)-(5193,5403,2)
(5193,5403,1)-(5298,5403,1)
(5193,5403,1)-(5298,5403,1)
(5193,5403,1)-(5193,5403,2)
(5193,5333,2)-(5193,5403,2)
(5298,5403,1)-(5333,5403,1)
(5193,5403,1)-(5333,5403,1)
(5193,5403,1)-(5193,5403,2)
(5193,5333,2)-(5193,5403,2)
(5333,5403,1)-(5333,5403,2)
(5333,5403,2)-(5333,5438,2)
(5333,5438,1)-(5333,5438,2)
!
n100012 100012 12
(5088,5333,1)-(5088,5333,2)
(5088,5333,2)-(5088,5368,2)
(5088,5368,1)-(5088,5368,2)
(5088,5333,2)-(5088,5368,2)
(5088,5333,1)-(5088,5333,2)
(5088,5368,2)-(5088,5438,2)
(5088,5438,1)-(5088,5438,2)
(5088,5438,1)-(5298,5438,1)
(5263,5438,1)-(5298,5438,1)
(5298,5438,1)-(5368,5438,1)
(5263,5438,1)-(5298,5438,1)
(5298,5438,1)-(5333,5438,1)
!
n100013 100013 10
(5193,5298,1)-(5193,5298,2)
(5193,5298,2)-(5193,5368,2)
(5193,5368,1)-(5193,5368,2)
(5193,5368,1)-(5368,5368,1)
(5333,5368,1)-(5368,5368,1)
(5368,5368,1)-(5403,5368,1)
(5333,5368,1)-(5368,5368,1)
(5368,5368,1)-(5368,5368,2)
(5368,5368,2)-(5368,5438,2)
(5368,5438,1)-(5368,5438,2)
!
n100014 100014 7
(5298,5333,1)-(5438,5333,1)
(5333,5333,1)-(5368,5333,1)
(5368,5333,1)-(5403,5333,1)
(5333,5333,1)-(5403,5333,1)
(5403,5333,1)-(5403,5333,2)
(5403,5333,2)-(5403,5368,2)
(5403,5368,1)-(5403,5368,2)
!
n100015 100015 4
(5263,5333,1)-(5298,5333,1)
(5298,5333,1)-(5438,5333,1)
(5333,5333,1)-(5368,5333,1)
(5368,5333,1)-(5403,5333,1)
!
n100016 100016 9
(5368,5263,1)-(5403,5263,1)
(5403,5263,1)-(5403,5263,2)
(5403,5263,2)-(5403,5298,2)
(5403,5298,1)-(5403,5298,2)
(5403,5298,1)-(5438,5298,1)
(5403,5298,1)-(5403,5298,2)
(5403,5298,2)-(5403,5333,2)
(5403,5333,1)-(5403,5333,2)
(5403,5333,1)-(5438,5333,1)
!
n100017 100017 11
(5193,4878,1)-(5193,4878,2)
(5193,4878,2)-(5193,4948,2)
(5193,4948,1)-(5193,4948,2)
(5193,4878,1)-(5193,4878,2)
(5193,4878,2)-(5193,4913,2)
(5193,4878,1)-(5403,4878,1)
(5263,4878,1)-(5403,4878,1)
(5403,4878,1)-(5403,4878,2)
(5403,4878,2)-(5403,5298,2)
(5403,5298,1)-(5403,5298,2)
(5403,5298,1)-(5438,5298,1)
!
n100018 100018 8
(5403,4843,1)-(5403,4843,2)
(5403,4843,2)-(5403,4878,2)
(5403,4878,1)-(5403,4878,2)
(5368,4878,1)-(5403,4878,1)
(5368,4878,1)-(5403,4878,1)
(5403,4843,2)-(5403,4878,2)
(5403,4808,2)-(5403,4843,2)
(5403,4808,1)-(5403,4808,2)
!
n100019 100019 14
(5403,4948,1)-(5403,4948,2)
(5403,4948,2)-(5403,4983,2)
(5403,4983,1)-(5403,4983,2)
(5368,4983,1)-(5403,4983,1)
(5403,4948,1)-(5403,4948,2)
(5403,4878,2)-(5403,4948,2)
(5403,4878,1)-(5403,4878,2)
(5368,4878,1)-(5403,4878,1)
(5403,4878,2)-(5403,4948,2)
(5403,4948,1)-(5403,4948,2)
(5403,4808,2)-(5403,4878,2)
(5403,4808,1)-(5403,4808,2)
(5403,4808,1)-(5438,4808,1)
(5403,4808,1)-(5438,4808,1)
!
n10002 10002 4
(10513,9638,1)-(10513,9638,2)
(10513,9638,2)-(10513,9883,2)
(10513,9883,1)-(10513,9883,2)
(10513,9883,1)-(11038,9883,1)
!
n100020 100020 13
(5368,5018,1)-(5403,5018,1)
(5403,5018,1)-(5403,5018,2)
(5403,4878,2)-(5403,5018,2)
(5403,4878,1)-(5403,4878,2)
(5403,4878,2)-(5403,5018,2)
(5403,5018,1)-(5403,5018,2)
(5403,4843,2)-(5403,4878,2)
(5403,4843,1)-(5403,4843,2)
(5403,4843,2)-(5403,5018,2)
(5403,5018,1)-(5403,5018,2)
(5403,4808,2)-(5403,4843,2)
(5403,4808,1)-(5403,4808,2)
(5403,4808,1)-(5438,4808,1)
!
n100021 100021 14
(5193,4983,1)-(5193,4983,2)
(5193,4948,2)-(5193,4983,2)
(5193,4948,1)-(5193,4948,2)
(5193,4878,2)-(5193,4948,2)
(5193,4878,1)-(5193,4878,2)
(5193,4878,2)-(5193,4913,2)
(5193,4843,2)-(5193,4878,2)
(5193,4843,1)-(5193,4843,2)
(5193,4843,1)-(5403,4843,1)
(5193,4843,1)-(5403,4843,1)
(5193,4843,1)-(5193,4843,2)
(5403,4843,1)-(5403,4843,2)
(5403,4808,2)-(5403,4843,2)
(5403,4808,1)-(5403,4808,2)
!
n100022 100022 9
(5158,4843,1)-(5193,4843,1)
(5158,4843,1)-(5193,4843,1)
(5193,4843,1)-(5193,4843,2)
(5193,4843,2)-(5193,4878,2)
(5193,4878,1)-(5193,4878,2)
(5193,4808,2)-(5193,4843,2)
(5193,4808,1)-(5193,4808,2)
(5158,4808,1)-(5193,4808,1)
(5158,4808,1)-(5193,4808,1)
!
n100023 100023 7
(5123,4808,1)-(5158,4808,1)
(5123,4808,1)-(5158,4808,1)
(5158,4808,1)-(5193,4808,1)
(5123,4808,1)-(5193,4808,1)
(5193,4808,1)-(5193,4808,2)
(5193,4808,2)-(5193,4843,2)
(5193,4843,1)-(5193,4843,2)
!
n100024 100024 9
(5088,4808,1)-(5123,4808,1)
(5088,4808,1)-(5123,4808,1)
(5123,4808,1)-(5158,4808,1)
(5088,4808,1)-(5158,4808,1)
(5158,4808,1)-(5158,4808,2)
(5158,4808,2)-(5158,4843,2)
(5158,4843,1)-(5158,4843,2)
(5158,4843,2)-(5158,4878,2)
(5158,4878,1)-(5158,4878,2)
!
n100025 100025 11
(4808,5333,1)-(4808,5333,2)
(4808,4948,2)-(4808,5333,2)
(4808,4948,1)-(4808,4948,2)
(4773,4948,1)-(4808,4948,1)
(4808,4983,1)-(4808,4983,2)
(4808,4983,1)-(4913,4983,1)
(4878,4983,1)-(4913,4983,1)
(4913,4983,1)-(4913,4983,2)
(4913,4878,2)-(4913,4983,2)
(4913,4878,1)-(4913,4878,2)
(4913,4878,1)-(5158,4878,1)
!
n100026 100026 8
(4843,4983,1)-(4913,4983,1)
(4843,4983,1)-(4913,4983,1)
(4913,4983,1)-(4913,4983,2)
(4913,4983,2)-(4913,5018,2)
(4913,5018,1)-(4913,5018,2)
(4913,4983,2)-(4913,5018,2)
(4913,5018,2)-(4913,5053,2)
(4913,5053,1)-(4913,5053,2)
!
n100027 100027 11
(4808,4983,1)-(4808,4983,2)
(4808,4983,2)-(4808,5018,2)
(4808,5018,1)-(4808,5018,2)
(4808,5018,1)-(4808,5018,2)
(4808,4983,2)-(4808,5018,2)
(4808,4983,1)-(4808,4983,2)
(4808,5018,1)-(4913,5018,1)
(4843,5018,1)-(4913,5018,1)
(4913,5018,1)-(4913,5018,2)
(4913,5018,2)-(4913,5053,2)
(4913,5053,1)-(4913,5053,2)
!
n100028 100028 16
(4808,4983,1)-(4808,4983,2)
(4808,4948,2)-(4808,4983,2)
(4808,4948,1)-(4808,4948,2)
(4808,4948,2)-(4808,4983,2)
(4808,4983,1)-(4808,4983,2)
(4808,4913,2)-(4808,4948,2)
(4808,4913,1)-(4808,4913,2)
(4808,4913,1)-(4913,4913,1)
(4808,4983,1)-(4808,4983,2)
(4808,4983,2)-(4808,5053,2)
(4808,5053,1)-(4808,5053,2)
(4808,5053,1)-(4913,5053,1)
(4843,5053,1)-(4878,5053,1)
(4878,5053,1)-(4878,5053,2)
(4878,5053,2)-(4878,5088,2)
(4878,5088,1)-(4878,5088,2)
!
n100029 100029 10
(4808,5228,1)-(4808,5228,2)
(4808,5193,2)-(4808,5228,2)
(4808,5193,1)-(4808,5193,2)
(4808,4843,2)-(4808,5193,2)
(4808,4843,1)-(4808,4843,2)
(4563,4843,1)-(4808,4843,1)
(4563,4843,1)-(4633,4843,1)
(4563,4843,1)-(4563,4843,2)
(4563,4808,2)-(4563,4843,2)
(4563,4808,1)-(4563,4808,2)
!
n10003 10003 1
(10513,9848,1)-(11038,9848,1)
!
n100030 100030 36
(4843,4843,1)-(4843,4843,2)
(4843,4843,2)-(4843,4878,2)
(4843,4878,1)-(4843,4878,2)
(4808,4878,1)-(4843,4878,1)
(4843,4843,2)-(4843,4878,2)
(4843,4808,2)-(4843,4843,2)
(4843,4808,1)-(4843,4808,2)
(4773,4808,1)-(4843,4808,1)
(4773,4808,1)-(4843,4808,1)
(4843,4808,1)-(4843,4808,2)
(4843,4808,2)-(4843,4878,2)
(4528,4808,1)-(4773,4808,1)
(4528,4808,1)-(4563,4808,1)
(4528,4808,1)-(4528,4808,2)
(4528,4773,2)-(4528,4808,2)
(4528,4773,1)-(4528,4773,2)
(4528,4738,2)-(4528,4773,2)
(4528,4738,1)-(4528,4738,2)
(4528,4738,1)-(4563,4738,1)
(4528,4738,1)-(4528,4738,2)
(4528,4703,2)-(4528,4738,2)
(4528,4703,1)-(4528,4703,2)
(4528,4668,2)-(4528,4703,2)
(4528,4668,1)-(4528,4668,2)
(4493,4668,1)-(4528,4668,1)
(4493,4668,1)-(4528,4668,1)
(4528,4668,2)-(4528,4703,2)
(4528,4633,2)-(4528,4668,2)
(4528,4633,1)-(4528,4633,2)
(4528,4598,2)-(4528,4633,2)
(4528,4598,1)-(4528,4598,2)
(4528,4563,2)-(4528,4598,2)
(4528,4563,1)-(4528,4563,2)
(4493,4563,1)-(4528,4563,1)
(4528,4808,2)-(4528,4948,2)
(4528,4948,1)-(4528,4948,2)
!
n100031 100031 9
(4878,5403,1)-(4878,5403,2)
(4878,5368,2)-(4878,5403,2)
(4878,5368,1)-(4878,5368,2)
(4878,5368,2)-(4878,5403,2)
(4878,4843,2)-(4878,5368,2)
(4878,4843,1)-(4878,4843,2)
(4563,4843,1)-(4878,4843,1)
(4563,4843,1)-(4633,4843,1)
(4528,4843,1)-(4563,4843,1)
!
n100032 100032 26
(4843,4843,1)-(4843,4843,2)
(4843,4843,2)-(4843,4878,2)
(4843,4878,1)-(4843,4878,2)
(4808,4878,1)-(4843,4878,1)
(4808,4878,1)-(4843,4878,1)
(4843,4878,1)-(4843,4878,2)
(4843,4878,1)-(4878,4878,1)
(4773,4878,1)-(4808,4878,1)
(4843,4878,2)-(4843,4913,2)
(4843,4913,1)-(4843,4913,2)
(4843,4878,2)-(4843,4913,2)
(4843,4913,2)-(4843,4948,2)
(4843,4948,1)-(4843,4948,2)
(4843,4948,1)-(4878,4948,1)
(4773,4878,1)-(4808,4878,1)
(4528,4878,1)-(4773,4878,1)
(4528,4878,1)-(4563,4878,1)
(4528,4878,1)-(4528,4878,2)
(4528,4878,2)-(4528,4913,2)
(4528,4913,1)-(4528,4913,2)
(4528,4878,2)-(4528,4913,2)
(4528,4843,2)-(4528,4878,2)
(4528,4843,1)-(4528,4843,2)
(4528,4528,2)-(4528,4843,2)
(4528,4528,1)-(4528,4528,2)
(4038,4528,1)-(4528,4528,1)
!
n100033 100033 11
(4598,5298,1)-(4598,5298,2)
(4598,5263,2)-(4598,5298,2)
(4598,5263,1)-(4598,5263,2)
(4598,5263,2)-(4598,5298,2)
(4598,4878,2)-(4598,5263,2)
(4598,4878,1)-(4598,4878,2)
(4563,4878,1)-(4598,4878,1)
(4598,4878,2)-(4598,5018,2)
(4598,4843,2)-(4598,4878,2)
(4598,4843,1)-(4598,4843,2)
(4528,4843,1)-(4598,4843,1)
!
n100034 100034 9
(4633,5333,1)-(4633,5333,2)
(4633,5333,2)-(4633,5368,2)
(4633,5368,1)-(4633,5368,2)
(4633,4878,2)-(4633,5333,2)
(4633,4878,1)-(4633,4878,2)
(4563,4878,1)-(4633,4878,1)
(4563,4878,1)-(4633,4878,1)
(4633,4878,1)-(4633,4878,2)
(4528,4878,1)-(4563,4878,1)
!
n100035 100035 9
(4633,5298,1)-(4633,5298,2)
(4633,5263,2)-(4633,5298,2)
(4633,5263,1)-(4633,5263,2)
(4598,5263,1)-(4633,5263,1)
(4633,5263,1)-(4633,5263,2)
(4633,4878,2)-(4633,5263,2)
(4633,4878,1)-(4633,4878,2)
(4528,4878,1)-(4633,4878,1)
(4528,4878,1)-(4563,4878,1)
!
n100036 100036 12
(4598,5158,1)-(4598,5158,2)
(4598,5123,2)-(4598,5158,2)
(4598,5123,1)-(4598,5123,2)
(4598,5123,2)-(4598,5158,2)
(4598,5158,1)-(4598,5158,2)
(4598,4913,2)-(4598,5123,2)
(4598,4913,1)-(4598,4913,2)
(4528,4913,1)-(4598,4913,1)
(4528,4913,1)-(4563,4913,1)
(4528,4913,1)-(4528,4913,2)
(4528,4878,2)-(4528,4913,2)
(4528,4878,1)-(4528,4878,2)
!
n100037 100037 12
(4808,5193,1)-(4808,5193,2)
(4808,5158,2)-(4808,5193,2)
(4808,5158,1)-(4808,5158,2)
(4773,5158,1)-(4808,5158,1)
(4808,5158,2)-(4808,5193,2)
(4808,5193,1)-(4808,5193,2)
(4808,4913,2)-(4808,5158,2)
(4808,4913,1)-(4808,4913,2)
(4528,4913,1)-(4808,4913,1)
(4563,4913,1)-(4563,4913,2)
(4563,4843,2)-(4563,4913,2)
(4563,4843,1)-(4563,4843,2)
!
n100038 100038 9
(4773,5088,1)-(4808,5088,1)
(4808,5088,1)-(4808,5088,2)
(4808,4878,2)-(4808,5088,2)
(4808,4878,1)-(4808,4878,2)
(4808,4843,2)-(4808,4878,2)
(4808,4843,1)-(4808,4843,2)
(4563,4843,1)-(4808,4843,1)
(4563,4843,1)-(4633,4843,1)
(4528,4843,1)-(4563,4843,1)
!
n100039 100039 9
(5123,5193,1)-(5123,5193,2)
(5123,4913,2)-(5123,5193,2)
(5123,4913,1)-(5123,4913,2)
(4878,4913,1)-(5123,4913,1)
(4878,4913,1)-(4983,4913,1)
(4878,4913,1)-(4878,4913,2)
(4878,4878,2)-(4878,4913,2)
(4878,4878,1)-(4878,4878,2)
(4808,4878,1)-(4878,4878,1)
!
n10004 10004 1
(10548,9813,1)-(11038,9813,1)
!
n100040 100040 6
(5158,5193,1)-(5158,5193,2)
(5158,4913,2)-(5158,5193,2)
(5158,4913,1)-(5158,4913,2)
(4878,4913,1)-(5158,4913,1)
(4878,4913,1)-(4913,4913,1)
(4843,4913,1)-(4878,4913,1)
!
n100041 100041 8
(5088,5123,1)-(5088,5123,2)
(5088,5088,2)-(5088,5123,2)
(5088,5088,1)-(5088,5088,2)
(5088,5088,2)-(5088,5123,2)
(5088,5123,1)-(5088,5123,2)
(5088,4913,2)-(5088,5088,2)
(5088,4913,1)-(5088,4913,2)
(4878,4913,1)-(5088,4913,1)
!
n100042 100042 5
(5158,5053,1)-(5158,5053,2)
(5158,4878,2)-(5158,5053,2)
(5158,4878,1)-(5158,4878,2)
(4843,4878,1)-(5158,4878,1)
(4843,4878,1)-(4878,4878,1)
!
n100043 100043 10
(5193,5123,1)-(5193,5123,2)
(5193,5088,2)-(5193,5123,2)
(5193,5088,1)-(5193,5088,2)
(5158,5088,1)-(5193,5088,1)
(5193,4913,2)-(5193,5088,2)
(5193,4913,1)-(5193,4913,2)
(4808,4913,1)-(5193,4913,1)
(4843,4913,1)-(4843,4913,2)
(4843,4878,2)-(4843,4913,2)
(4843,4878,1)-(4843,4878,2)
!
n100044 100044 6
(5193,5088,1)-(5193,5088,2)
(5193,4878,2)-(5193,5088,2)
(5193,4878,1)-(5193,4878,2)
(4843,4878,1)-(5193,4878,1)
(4843,4878,1)-(4878,4878,1)
(4808,4878,1)-(4843,4878,1)
!
n100045 100045 12
(5193,5228,1)-(5193,5228,2)
(5193,5193,2)-(5193,5228,2)
(5193,5193,1)-(5193,5193,2)
(5193,4878,2)-(5193,5193,2)
(5193,4878,1)-(5193,4878,2)
(4843,4878,1)-(5193,4878,1)
(4843,4878,1)-(4878,4878,1)
(4808,4878,1)-(4843,4878,1)
(4808,4878,1)-(4878,4878,1)
(4808,4878,1)-(4808,4878,2)
(4808,4808,2)-(4808,4878,2)
(4808,4808,1)-(4808,4808,2)
!
n100046 100046 14
(5193,4878,1)-(5193,4878,2)
(5193,4878,2)-(5193,4948,2)
(5193,4948,1)-(5193,4948,2)
(5193,4878,2)-(5193,4913,2)
(5193,4808,2)-(5193,4878,2)
(5193,4808,1)-(5193,4808,2)
(4808,4808,1)-(5193,4808,1)
(4808,4808,1)-(4913,4808,1)
(4773,4808,1)-(4808,4808,1)
(4773,4808,1)-(4913,4808,1)
(4773,4808,1)-(4773,4808,2)
(4773,4738,2)-(4773,4808,2)
(4773,4738,1)-(4773,4738,2)
(4563,4738,1)-(4773,4738,1)
!
n100047 100047 9
(5193,4703,1)-(5193,4703,2)
(5193,4703,2)-(5193,4738,2)
(5193,4738,1)-(5193,4738,2)
(4563,4738,1)-(5193,4738,1)
(4563,4738,1)-(4633,4738,1)
(4563,4738,1)-(4563,4738,2)
(4563,4633,2)-(4563,4738,2)
(4563,4633,1)-(4563,4633,2)
(4528,4633,1)-(4563,4633,1)
!
n100048 100048 8
(5193,4738,1)-(5193,4738,2)
(5193,4668,2)-(5193,4738,2)
(5193,4668,1)-(5193,4668,2)
(4528,4668,1)-(5193,4668,1)
(4528,4668,1)-(4563,4668,1)
(4528,4668,1)-(4528,4668,2)
(4528,4633,2)-(4528,4668,2)
(4528,4633,1)-(4528,4633,2)
!
n100049 100049 7
(5158,4703,1)-(5193,4703,1)
(5158,4703,1)-(5158,4703,2)
(5158,4668,2)-(5158,4703,2)
(5158,4668,1)-(5158,4668,2)
(4563,4668,1)-(5158,4668,1)
(4563,4668,1)-(4773,4668,1)
(4528,4668,1)-(4563,4668,1)
!
n10005 10005 4
(10513,9603,1)-(10513,9603,2)
(10513,9603,2)-(10513,9778,2)
(10513,9778,1)-(10513,9778,2)
(10513,9778,1)-(11038,9778,1)
!
n100050 100050 8
(4563,4703,1)-(5123,4703,1)
(4563,4703,1)-(4633,4703,1)
(4563,4703,1)-(4563,4703,2)
(4563,4668,2)-(4563,4703,2)
(4563,4668,1)-(4563,4668,2)
(4563,4668,1)-(4563,4668,2)
(4563,4668,2)-(4563,4703,2)
(4528,4668,1)-(4563,4668,1)
!
n100051 100051 12
(5123,4738,1)-(5158,4738,1)
(5123,4738,1)-(5158,4738,1)
(5123,4738,1)-(5123,4738,2)
(5123,4703,2)-(5123,4738,2)
(5123,4703,1)-(5123,4703,2)
(4563,4703,1)-(5123,4703,1)
(4563,4703,1)-(4668,4703,1)
(4528,4703,1)-(4563,4703,1)
(4563,4703,1)-(4668,4703,1)
(4563,4703,1)-(4563,4703,2)
(4563,4703,2)-(4563,4773,2)
(4563,4773,1)-(4563,4773,2)
!
n100052 100052 8
(5088,4808,1)-(5123,4808,1)
(5088,4808,1)-(5123,4808,1)
(5088,4808,1)-(5088,4808,2)
(5088,4773,2)-(5088,4808,2)
(5088,4773,1)-(5088,4773,2)
(4563,4773,1)-(5088,4773,1)
(4563,4773,1)-(4633,4773,1)
(4528,4773,1)-(4563,4773,1)
!
n100053 100053 7
(5088,4808,1)-(5088,4808,2)
(5088,4773,2)-(5088,4808,2)
(5088,4773,1)-(5088,4773,2)
(4528,4773,1)-(5088,4773,1)
(4563,4773,1)-(4563,4773,2)
(4563,4668,2)-(4563,4773,2)
(4563,4668,1)-(4563,4668,2)
!
n100054 100054 14
(4528,4598,1)-(4598,4598,1)
(4563,4598,1)-(4598,4598,1)
(4598,4598,1)-(4598,4598,2)
(4598,4598,2)-(4598,4633,2)
(4598,4633,1)-(4598,4633,2)
(4598,4598,2)-(4598,4633,2)
(4598,4598,1)-(4598,4598,2)
(4563,4598,1)-(4598,4598,1)
(4598,4633,2)-(4598,4668,2)
(4598,4668,1)-(4598,4668,2)
(4563,4668,1)-(4598,4668,1)
(4563,4668,1)-(4598,4668,1)
(4598,4668,1)-(4598,4668,2)
(4528,4668,1)-(4563,4668,1)
!
n100055 100055 4
(4528,4598,1)-(4808,4598,1)
(4563,4598,1)-(4563,4598,2)
(4563,4598,2)-(4563,4703,2)
(4563,4703,1)-(4563,4703,2)
!
n100056 100056 9
(4808,4983,1)-(4808,4983,2)
(4808,4983,2)-(4808,5018,2)
(4808,5018,1)-(4808,5018,2)
(4808,4983,1)-(4808,4983,2)
(4808,4703,2)-(4808,4983,2)
(4808,4703,1)-(4808,4703,2)
(4563,4703,1)-(4808,4703,1)
(4563,4703,1)-(4633,4703,1)
(4528,4703,1)-(4563,4703,1)
!
n100057 100057 9
(4808,4563,1)-(4808,4563,2)
(4808,4563,2)-(4808,4668,2)
(4808,4668,1)-(4808,4668,2)
(4808,4563,1)-(4808,4563,2)
(4528,4563,1)-(4808,4563,1)
(4528,4563,1)-(4563,4563,1)
(4528,4563,1)-(4528,4563,2)
(4528,4563,2)-(4528,4703,2)
(4528,4703,1)-(4528,4703,2)
!
n100058 100058 7
(4528,4633,1)-(4598,4633,1)
(4528,4633,1)-(4563,4633,1)
(4528,4633,1)-(4528,4633,2)
(4528,4563,2)-(4528,4633,2)
(4528,4563,1)-(4528,4563,2)
(4528,4563,1)-(4528,4563,2)
(4493,4563,1)-(4528,4563,1)
!
n100059 100059 12
(4598,4948,1)-(4598,4948,2)
(4598,4808,2)-(4598,4948,2)
(4598,4808,1)-(4598,4808,2)
(4563,4808,1)-(4598,4808,1)
(4598,4808,1)-(4598,4808,2)
(4598,4668,2)-(4598,4808,2)
(4598,4668,1)-(4598,4668,2)
(4528,4668,1)-(4598,4668,1)
(4528,4668,1)-(4563,4668,1)
(4528,4668,1)-(4528,4668,2)
(4528,4633,2)-(4528,4668,2)
(4528,4633,1)-(4528,4633,2)
!
n10006 10006 4
(10513,9463,1)-(10513,9463,2)
(10513,9463,2)-(10513,9778,2)
(10513,9778,1)-(10513,9778,2)
(10513,9778,1)-(11038,9778,1)
!
n100060 100060 3
(4563,4808,1)-(4808,4808,1)
(4563,4808,1)-(4633,4808,1)
(4528,4808,1)-(4563,4808,1)
!
n100061 100061 15
(4878,5053,1)-(4878,5053,2)
(4878,5053,2)-(4878,5088,2)
(4878,5088,1)-(4878,5088,2)
(4843,5088,1)-(4878,5088,1)
(4878,5053,2)-(4878,5088,2)
(4878,4948,2)-(4878,5053,2)
(4878,4948,1)-(4878,4948,2)
(4563,4948,1)-(4878,4948,1)
(4563,4948,1)-(4633,4948,1)
(4563,4948,1)-(4563,4948,2)
(4563,4808,2)-(4563,4948,2)
(4563,4808,1)-(4563,4808,2)
(4563,4808,1)-(4563,4808,2)
(4563,4808,2)-(4563,4948,2)
(4528,4808,1)-(4563,4808,1)
!
n100062 100062 11
(4808,4983,1)-(4808,4983,2)
(4808,4983,2)-(4808,5053,2)
(4808,5053,1)-(4808,5053,2)
(4773,5053,1)-(4808,5053,1)
(4808,4983,1)-(4808,4983,2)
(4808,4948,2)-(4808,4983,2)
(4808,4948,1)-(4808,4948,2)
(4528,4948,1)-(4808,4948,1)
(4808,5053,2)-(4808,5333,2)
(4808,5333,1)-(4808,5333,2)
(4808,5333,1)-(4843,5333,1)
!
n100063 100063 18
(4843,5403,1)-(4913,5403,1)
(4843,5403,1)-(4843,5403,2)
(4843,5333,2)-(4843,5403,2)
(4843,5333,1)-(4843,5333,2)
(4843,5403,1)-(4913,5403,1)
(4843,5403,1)-(4843,5403,2)
(4913,5403,1)-(4913,5403,2)
(4913,5403,2)-(4913,5438,2)
(4913,5438,1)-(4913,5438,2)
(4913,5438,1)-(4983,5438,1)
(4843,5333,2)-(4843,5403,2)
(4843,5228,2)-(4843,5333,2)
(4843,5228,1)-(4843,5228,2)
(4808,5228,1)-(4843,5228,1)
(4843,5228,1)-(4843,5228,2)
(4843,5193,2)-(4843,5228,2)
(4843,5193,1)-(4843,5193,2)
(4808,5193,1)-(4843,5193,1)
!
n100064 100064 11
(4913,5403,1)-(4983,5403,1)
(4913,5403,1)-(4948,5403,1)
(4878,5403,1)-(4913,5403,1)
(4948,5403,1)-(4948,5403,2)
(4948,5403,2)-(4948,5438,2)
(4948,5438,1)-(4948,5438,2)
(4878,5403,1)-(4948,5403,1)
(4878,5403,1)-(4878,5403,2)
(4878,5368,2)-(4878,5403,2)
(4878,5368,1)-(4878,5368,2)
(4843,5368,1)-(4878,5368,1)
!
n100065 100065 16
(4913,5403,1)-(4948,5403,1)
(4913,5403,1)-(4948,5403,1)
(4913,5403,1)-(4913,5403,2)
(4913,5403,2)-(4913,5438,2)
(4913,5438,1)-(4913,5438,2)
(4913,5403,1)-(4948,5403,1)
(4633,5403,1)-(4913,5403,1)
(4633,5403,1)-(4668,5403,1)
(4633,5403,1)-(4633,5403,2)
(4633,5298,2)-(4633,5403,2)
(4633,5298,1)-(4633,5298,2)
(4598,5298,1)-(4633,5298,1)
(4633,5298,2)-(4633,5333,2)
(4633,5263,2)-(4633,5298,2)
(4633,5263,1)-(4633,5263,2)
(4598,5263,1)-(4633,5263,1)
!
n100066 100066 3
(4598,5368,1)-(4598,5368,2)
(4598,5368,2)-(4598,5403,2)
(4598,5403,1)-(4598,5403,2)
!
n100067 100067 12
(4598,5368,1)-(4668,5368,1)
(4598,5368,1)-(4633,5368,1)
(4598,5368,1)-(4598,5368,2)
(4598,5368,2)-(4598,5403,2)
(4598,5403,1)-(4598,5403,2)
(4598,5403,1)-(4598,5403,2)
(4598,5403,1)-(4633,5403,1)
(4668,5368,1)-(4913,5368,1)
(4843,5368,1)-(4913,5368,1)
(4913,5368,1)-(4913,5368,2)
(4913,5368,2)-(4913,5403,2)
(4913,5403,1)-(4913,5403,2)
!
n100069 100069 17
(5053,5368,1)-(5053,5368,2)
(5053,5368,2)-(5053,5403,2)
(5053,5403,1)-(5053,5403,2)
(5053,5403,1)-(5053,5403,2)
(4843,5403,1)-(5053,5403,1)
(4843,5403,1)-(4913,5403,1)
(4598,5403,1)-(4843,5403,1)
(4633,5403,1)-(4668,5403,1)
(4633,5403,1)-(4633,5403,2)
(4633,5403,2)-(4633,5438,2)
(4633,5438,1)-(4633,5438,2)
(4633,5333,2)-(4633,5403,2)
(4633,5333,1)-(4633,5333,2)
(4633,5333,2)-(4633,5403,2)
(4633,5298,2)-(4633,5333,2)
(4633,5298,1)-(4633,5298,2)
(4598,5298,1)-(4633,5298,1)
!
n10007 10007 4
(10513,9533,1)-(10513,9533,2)
(10513,9533,2)-(10513,9743,2)
(10513,9743,1)-(10513,9743,2)
(10513,9743,1)-(11038,9743,1)
!
n100070 100070 3
(4808,5438,1)-(4808,5438,2)
(4808,5368,2)-(4808,5438,2)
(4808,5368,1)-(4808,5368,2)
!
n100071 100071 12
(4808,5403,1)-(4843,5403,1)
(4808,5403,1)-(4843,5403,1)
(4808,5403,1)-(4808,5403,2)
(4808,5368,2)-(4808,5403,2)
(4808,5368,1)-(4808,5368,2)
(4808,5368,1)-(4843,5368,1)
(4808,5368,1)-(4843,5368,1)
(4843,5368,1)-(5053,5368,1)
(4983,5368,1)-(5053,5368,1)
(5053,5368,1)-(5053,5368,2)
(5053,5368,2)-(5053,5403,2)
(5053,5403,1)-(5053,5403,2)
!
n100072 100072 3
(4843,5403,1)-(4843,5403,2)
(4843,5368,2)-(4843,5403,2)
(4843,5368,1)-(4843,5368,2)
!
n100073 100073 21
(5228,5123,1)-(5228,5123,2)
(5228,5123,2)-(5228,5193,2)
(5228,5193,1)-(5228,5193,2)
(5158,5193,1)-(5228,5193,1)
(5158,5193,1)-(5193,5193,1)
(5123,5193,1)-(5158,5193,1)
(5228,5123,2)-(5228,5193,2)
(5228,5193,2)-(5228,5298,2)
(5228,5298,1)-(5228,5298,2)
(5193,5298,1)-(5228,5298,1)
(5228,5298,1)-(5228,5298,2)
(5228,5298,2)-(5228,5403,2)
(5228,5403,1)-(5228,5403,2)
(5228,5403,1)-(5263,5403,1)
(5228,5403,1)-(5228,5403,2)
(5228,5333,2)-(5228,5403,2)
(4843,5403,1)-(5228,5403,1)
(4843,5403,1)-(4913,5403,1)
(4843,5403,1)-(4843,5403,2)
(4843,5368,2)-(4843,5403,2)
(4843,5368,1)-(4843,5368,2)
!
n100074 100074 17
(5228,5123,1)-(5228,5123,2)
(5228,5123,2)-(5228,5193,2)
(5228,5193,1)-(5228,5193,2)
(5158,5193,1)-(5228,5193,1)
(5228,5123,2)-(5228,5193,2)
(5228,5193,2)-(5228,5298,2)
(5228,5298,1)-(5228,5298,2)
(5158,5298,1)-(5228,5298,1)
(5158,5298,1)-(5193,5298,1)
(5228,5298,1)-(5228,5298,2)
(5228,5298,2)-(5228,5403,2)
(5228,5403,1)-(5228,5403,2)
(5228,5403,1)-(5298,5403,1)
(5228,5333,2)-(5228,5403,2)
(5228,5403,2)-(5228,5438,2)
(5228,5438,1)-(5228,5438,2)
(5193,5438,1)-(5228,5438,1)
!
n100076 100076 15
(5193,5123,1)-(5193,5123,2)
(5193,5053,2)-(5193,5123,2)
(5193,5053,1)-(5193,5053,2)
(5158,5053,1)-(5193,5053,1)
(5193,5053,2)-(5193,5123,2)
(5193,5123,2)-(5193,5403,2)
(5193,5403,1)-(5193,5403,2)
(5158,5403,1)-(5193,5403,1)
(5193,5333,2)-(5193,5403,2)
(5193,5403,2)-(5193,5438,2)
(5193,5438,1)-(5193,5438,2)
(5158,5438,1)-(5193,5438,1)
(5193,5333,2)-(5193,5368,2)
(5193,5368,1)-(5193,5368,2)
(5193,5368,1)-(5298,5368,1)
!
n100077 100077 16
(5158,5403,1)-(5158,5403,2)
(5158,5123,2)-(5158,5403,2)
(5158,5123,1)-(5158,5123,2)
(5158,5123,1)-(5193,5123,1)
(5158,5123,1)-(5158,5123,2)
(5158,5088,2)-(5158,5123,2)
(5158,5088,1)-(5158,5088,2)
(5158,5088,1)-(5193,5088,1)
(5158,5193,2)-(5158,5298,2)
(5158,5193,1)-(5158,5193,2)
(5158,5193,1)-(5403,5193,1)
(5333,5193,1)-(5403,5193,1)
(5403,5193,1)-(5403,5193,2)
(5403,5193,2)-(5403,5333,2)
(5403,5333,1)-(5403,5333,2)
(5403,5333,1)-(5438,5333,1)
!
n100078 100078 3
(5123,5368,1)-(5123,5368,2)
(5123,5368,2)-(5123,5403,2)
(5123,5403,1)-(5123,5403,2)
!
n100079 100079 21
(5403,5193,1)-(5403,5193,2)
(5403,5193,2)-(5403,5298,2)
(5403,5298,1)-(5403,5298,2)
(5403,5298,1)-(5438,5298,1)
(5403,5298,1)-(5403,5298,2)
(5403,5298,2)-(5403,5368,2)
(5403,5368,1)-(5403,5368,2)
(5403,5368,1)-(5438,5368,1)
(5403,5368,1)-(5403,5368,2)
(5123,5368,1)-(5403,5368,1)
(5158,5368,1)-(5193,5368,1)
(5158,5368,1)-(5158,5368,2)
(5158,5368,2)-(5158,5403,2)
(5158,5403,1)-(5158,5403,2)
(5403,5088,2)-(5403,5193,2)
(5403,5088,1)-(5403,5088,2)
(5193,5088,1)-(5403,5088,1)
(5228,5088,1)-(5263,5088,1)
(5228,5088,1)-(5228,5088,2)
(5228,5053,2)-(5228,5088,2)
(5228,5053,1)-(5228,5053,2)
!
n10008 10008 4
(9883,9743,1)-(9883,9743,2)
(9883,9708,2)-(9883,9743,2)
(9883,9708,1)-(9883,9708,2)
(9883,9708,1)-(11038,9708,1)
!
n100080 100080 16
(5403,5298,1)-(5438,5298,1)
(5403,5298,1)-(5403,5298,2)
(5403,5193,2)-(5403,5298,2)
(5403,5193,1)-(5403,5193,2)
(5403,5193,2)-(5403,5298,2)
(5403,5298,1)-(5403,5298,2)
(5403,4948,2)-(5403,5193,2)
(5403,4948,1)-(5403,4948,2)
(5193,4948,1)-(5403,4948,1)
(5193,4948,1)-(5263,4948,1)
(5193,4948,1)-(5193,4948,2)
(5193,4913,2)-(5193,4948,2)
(5193,4913,1)-(5193,4913,2)
(5158,4913,1)-(5193,4913,1)
(5193,4878,2)-(5193,4913,2)
(5193,4878,1)-(5193,4878,2)
!
n100081 100081 15
(5123,4948,1)-(5158,4948,1)
(5123,4948,1)-(5158,4948,1)
(5158,4948,1)-(5158,4948,2)
(5158,4913,2)-(5158,4948,2)
(5158,4913,1)-(5158,4913,2)
(5158,4913,2)-(5158,4948,2)
(5158,4703,2)-(5158,4913,2)
(5158,4703,1)-(5158,4703,2)
(5158,4703,1)-(5228,4703,1)
(5158,4703,1)-(5158,4703,2)
(5158,4703,2)-(5158,4738,2)
(5158,4703,1)-(5193,4703,1)
(5158,4843,2)-(5158,4878,2)
(5158,4843,1)-(5158,4843,2)
(5158,4843,1)-(5368,4843,1)
!
n100083 100083 12
(5158,4948,1)-(5158,4948,2)
(5158,4913,2)-(5158,4948,2)
(5158,4913,1)-(5158,4913,2)
(5158,4948,2)-(5158,5053,2)
(5158,5053,1)-(5158,5053,2)
(5158,5053,1)-(5193,5053,1)
(5158,4913,2)-(5158,5018,2)
(5158,4738,2)-(5158,4913,2)
(5158,4738,1)-(5158,4738,2)
(5158,4738,1)-(5193,4738,1)
(5158,4878,1)-(5158,4878,2)
(5158,4878,1)-(5403,4878,1)
!
n100084 100084 11
(5123,4948,1)-(5123,4948,2)
(5123,4913,2)-(5123,4948,2)
(5123,4913,1)-(5123,4913,2)
(5123,4913,1)-(5158,4913,1)
(5123,4913,2)-(5123,4948,2)
(5123,4703,2)-(5123,4913,2)
(5123,4703,1)-(5123,4703,2)
(5123,4703,1)-(5193,4703,1)
(5123,4843,2)-(5123,4878,2)
(5123,4843,1)-(5123,4843,2)
(5123,4843,1)-(5368,4843,1)
!
n100085 100085 9
(5088,4913,1)-(5088,4913,2)
(5088,4913,2)-(5088,4948,2)
(5088,4948,1)-(5088,4948,2)
(5088,4948,1)-(5123,4948,1)
(5088,4703,2)-(5088,4913,2)
(5088,4703,1)-(5088,4703,2)
(5088,4703,1)-(5123,4703,1)
(5088,4843,1)-(5088,4843,2)
(5088,4843,1)-(5403,4843,1)
!
n100087 100087 14
(5088,4843,1)-(5158,4843,1)
(5088,4843,1)-(5158,4843,1)
(5158,4843,1)-(5158,4843,2)
(5158,4808,2)-(5158,4843,2)
(5158,4808,1)-(5158,4808,2)
(5158,4808,2)-(5158,4843,2)
(5158,4738,2)-(5158,4808,2)
(5158,4738,1)-(5158,4738,2)
(5158,4738,1)-(5158,4738,2)
(5123,4738,1)-(5158,4738,1)
(5158,4843,2)-(5158,4948,2)
(5158,4948,1)-(5158,4948,2)
(5088,4948,1)-(5158,4948,1)
(5088,4948,1)-(5123,4948,1)
!
n100088 100088 3
(4528,5088,1)-(4528,5088,2)
(4528,5053,2)-(4528,5088,2)
(4528,5053,1)-(4528,5053,2)
!
n100089 100089 17
(4528,5088,1)-(4528,5088,2)
(4528,5053,2)-(4528,5088,2)
(4528,5053,1)-(4528,5053,2)
(4528,5053,1)-(4563,5053,1)
(4528,5088,1)-(4528,5088,2)
(4528,5088,2)-(4528,5158,2)
(4528,5158,1)-(4528,5158,2)
(4528,5158,1)-(4563,5158,1)
(4528,5053,1)-(4528,5053,2)
(4528,4983,2)-(4528,5053,2)
(4528,4983,1)-(4528,4983,2)
(4528,4983,1)-(4598,4983,1)
(4528,4983,1)-(4598,4983,1)
(4528,4983,1)-(4528,4983,2)
(4598,4983,1)-(4598,4983,2)
(4598,4948,2)-(4598,4983,2)
(4598,4948,1)-(4598,4948,2)
!
n10009 10009 4
(10548,9708,1)-(10548,9708,2)
(10548,9673,2)-(10548,9708,2)
(10548,9673,1)-(10548,9673,2)
(10548,9673,1)-(11038,9673,1)
!
n100090 100090 1
(4493,5158,1)-(4528,5158,1)
!
n100091 100091 13
(4808,5053,1)-(4808,5053,2)
(4808,5053,2)-(4808,5088,2)
(4808,5088,1)-(4808,5088,2)
(4808,5053,2)-(4808,5088,2)
(4808,5088,2)-(4808,5158,2)
(4808,5158,1)-(4808,5158,2)
(4563,5158,1)-(4808,5158,1)
(4563,5158,1)-(4598,5158,1)
(4458,5158,1)-(4563,5158,1)
(4458,5158,1)-(4493,5158,1)
(4458,5158,1)-(4458,5158,2)
(4458,5158,2)-(4458,5193,2)
(4458,5193,1)-(4458,5193,2)
!
n100093 100093 12
(4458,5158,1)-(4458,5158,2)
(4458,5158,2)-(4458,5193,2)
(4458,5193,1)-(4458,5193,2)
(4458,5193,1)-(4493,5193,1)
(4458,5158,1)-(4458,5158,2)
(4458,5088,2)-(4458,5158,2)
(4458,5088,1)-(4458,5088,2)
(4458,5088,1)-(4878,5088,1)
(4843,5088,1)-(4878,5088,1)
(4878,5088,1)-(4878,5088,2)
(4878,5053,2)-(4878,5088,2)
(4878,5053,1)-(4878,5053,2)
!
n100095 100095 8
(4913,3128,1)-(4913,3128,2)
(4913,3128,2)-(4913,4983,2)
(4913,4983,1)-(4913,4983,2)
(4913,4983,1)-(5123,4983,1)
(4913,4983,1)-(5053,4983,1)
(4913,4983,1)-(4913,4983,2)
(4913,4633,2)-(4913,4983,2)
(5053,4983,1)-(5088,4983,1)
!
n100096 100096 7
(5123,4948,1)-(5123,4948,2)
(5123,4948,2)-(5123,4983,2)
(5123,4983,1)-(5123,4983,2)
(5123,4983,1)-(5123,4983,2)
(5088,4983,1)-(5123,4983,1)
(5123,4983,2)-(5123,5018,2)
(5123,5018,1)-(5123,5018,2)
!
n100097 100097 10
(4878,3373,1)-(4878,3373,2)
(4878,3303,2)-(4878,3373,2)
(4878,3303,1)-(4878,3303,2)
(4808,3303,1)-(4878,3303,1)
(4878,3373,2)-(4878,4878,2)
(4878,4878,1)-(4878,4878,2)
(4843,4878,1)-(4878,4878,1)
(4878,4878,2)-(4878,4983,2)
(4878,4983,1)-(4878,4983,2)
(4878,4983,1)-(5123,4983,1)
!
n100098 100098 4
(5123,4983,1)-(5123,4983,2)
(5123,4948,2)-(5123,4983,2)
(5123,4948,1)-(5123,4948,2)
(5088,4948,1)-(5123,4948,1)
!
n100099 100099 12
(4913,3163,1)-(4913,3163,2)
(4913,3163,2)-(4913,3198,2)
(4913,3198,1)-(4913,3198,2)
(4878,3198,1)-(4913,3198,1)
(4913,3198,1)-(4913,3198,2)
(4913,3198,2)-(4913,5018,2)
(4913,5018,1)-(4913,5018,2)
(4913,5018,1)-(5088,5018,1)
(4913,4633,2)-(4913,5018,2)
(4913,5018,2)-(4913,5193,2)
(4913,5193,1)-(4913,5193,2)
(3548,5193,1)-(4913,5193,1)
!
n1001 1001 11
(9358,5263,1)-(9358,5263,2)
(9358,5263,2)-(9358,7783,2)
(9358,7783,1)-(9358,7783,2)
(9358,7783,1)-(10478,7783,1)
(10023,7783,1)-(10058,7783,1)
(10058,7783,1)-(10058,7783,2)
(10058,7783,2)-(10058,8238,2)
(10058,8238,1)-(10058,8238,2)
(10058,8238,2)-(10058,8273,2)
(10058,8273,1)-(10058,8273,2)
(10023,8273,1)-(10058,8273,1)
!
n10010 10010 1
(10513,9638,1)-(11038,9638,1)
!
n100101 100101 4
(4213,5228,1)-(4213,5228,2)
(4213,5228,2)-(4213,5263,2)
(4213,5263,1)-(4213,5263,2)
(4143,5263,1)-(4213,5263,1)
!
n100102 100102 24
(4143,5403,1)-(4143,5403,2)
(4143,5263,2)-(4143,5403,2)
(4143,5263,1)-(4143,5263,2)
(4143,5263,1)-(4143,5263,2)
(4143,5263,2)-(4143,5368,2)
(4143,5263,1)-(4178,5263,1)
(4143,5263,2)-(4143,5368,2)
(4143,5228,2)-(4143,5263,2)
(4143,5228,1)-(4143,5228,2)
(4108,5228,1)-(4143,5228,1)
(4108,5228,1)-(4143,5228,1)
(4073,5228,1)-(4108,5228,1)
(4143,5368,2)-(4143,5403,2)
(4143,5403,2)-(4143,5438,2)
(4143,5438,1)-(4143,5438,2)
(3863,5438,1)-(4143,5438,1)
(3863,5438,1)-(3898,5438,1)
(3863,5438,1)-(3863,5438,2)
(3863,5368,2)-(3863,5438,2)
(3863,5368,1)-(3863,5368,2)
(3793,5368,1)-(3863,5368,1)
(3863,5438,2)-(3863,6348,2)
(3863,6348,1)-(3863,6348,2)
(3653,6348,1)-(3863,6348,1)
!
n100103 100103 5
(4143,5018,1)-(4248,5018,1)
(4143,5018,1)-(4178,5018,1)
(4143,5018,1)-(4143,5018,2)
(4143,5018,2)-(4143,5263,2)
(4143,5263,1)-(4143,5263,2)
!
n100104 100104 10
(4213,4983,1)-(4213,4983,2)
(4213,4983,2)-(4213,5018,2)
(4213,5018,1)-(4213,5018,2)
(4143,5018,1)-(4213,5018,1)
(4143,5018,1)-(4178,5018,1)
(4143,5018,1)-(4143,5018,2)
(4143,5018,2)-(4143,5158,2)
(4143,5158,1)-(4143,5158,2)
(4143,5158,2)-(4143,5263,2)
(4143,5263,1)-(4143,5263,2)
!
n100105 100105 12
(4213,5053,1)-(4213,5053,2)
(4213,5053,2)-(4213,5088,2)
(4213,5088,1)-(4213,5088,2)
(4073,5088,1)-(4213,5088,1)
(4213,5053,2)-(4213,5088,2)
(4213,5088,2)-(4213,5193,2)
(4213,5193,1)-(4213,5193,2)
(4178,5193,1)-(4213,5193,1)
(4213,5123,2)-(4213,5193,2)
(4213,5193,2)-(4213,5228,2)
(4213,5228,1)-(4213,5228,2)
(4143,5228,1)-(4213,5228,1)
!
n100106 100106 3
(4808,5228,1)-(4808,5228,2)
(4808,5193,2)-(4808,5228,2)
(4808,5193,1)-(4808,5193,2)
!
n100108 100108 4
(4528,5298,1)-(4528,5298,2)
(4528,5228,2)-(4528,5298,2)
(4528,5228,1)-(4528,5228,2)
(4528,5228,1)-(4563,5228,1)
!
n100109 100109 3
(4563,5158,1)-(4563,5158,2)
(4563,5123,2)-(4563,5158,2)
(4563,5123,1)-(4563,5123,2)
!
n10011 10011 1
(9918,10198,1)-(11038,10198,1)
!
n100110 100110 7
(4563,5193,1)-(4563,5193,2)
(4563,5158,2)-(4563,5193,2)
(4563,5158,1)-(4563,5158,2)
(4563,5158,2)-(4563,5193,2)
(4563,5193,2)-(4563,5298,2)
(4563,5298,1)-(4563,5298,2)
(4563,5298,1)-(4598,5298,1)
!
n100111 100111 3
(4598,5123,1)-(4598,5123,2)
(4598,5123,2)-(4598,5193,2)
(4598,5193,1)-(4598,5193,2)
!
n100112 100112 5
(4598,5123,1)-(4598,5123,2)
(4598,5123,2)-(4598,5158,2)
(4598,5158,1)-(4598,5158,2)
(4598,5158,1)-(4598,5158,2)
(4598,5158,1)-(4773,5158,1)
!
n100113 100113 7
(4808,5193,1)-(4808,5193,2)
(4808,5158,2)-(4808,5193,2)
(4808,5158,1)-(4808,5158,2)
(4808,5158,2)-(4808,5193,2)
(4808,5193,1)-(4808,5193,2)
(4808,5088,2)-(4808,5158,2)
(4808,5088,1)-(4808,5088,2)
!
n100114 100114 1
(5088,5193,1)-(5123,5193,1)
!
n100115 100115 1
(5158,5193,1)-(5193,5193,1)
!
n100116 100116 4
(5088,5088,1)-(5123,5088,1)
(5123,5088,1)-(5123,5088,2)
(5123,5088,2)-(5123,5123,2)
(5123,5123,1)-(5123,5123,2)
!
n100117 100117 1
(5123,5053,1)-(5158,5053,1)
!
n100119 100119 1
(5193,5088,1)-(5403,5088,1)
!
n10012 10012 4
(11073,9743,1)-(11073,9743,2)
(11073,9743,2)-(11073,10163,2)
(11073,10163,1)-(11073,10163,2)
(11038,10163,1)-(11073,10163,1)
!
n100120 100120 2
(5403,5193,1)-(5438,5193,1)
(5193,5193,1)-(5403,5193,1)
!
n100122 100122 1
(5193,4703,1)-(5403,4703,1)
!
n100123 100123 4
(5403,4738,1)-(5403,4738,2)
(5403,4668,2)-(5403,4738,2)
(5403,4668,1)-(5403,4668,2)
(5193,4738,1)-(5403,4738,1)
!
n100124 100124 4
(5403,4703,1)-(5403,4703,2)
(5403,4668,2)-(5403,4703,2)
(5403,4668,1)-(5403,4668,2)
(5193,4703,1)-(5403,4703,1)
!
n100125 100125 4
(5123,4668,1)-(5158,4668,1)
(5123,4668,1)-(5123,4668,2)
(5123,4668,2)-(5123,4703,2)
(5123,4703,1)-(5123,4703,2)
!
n100126 100126 12
(3933,4493,1)-(4038,4493,1)
(3933,4493,1)-(3968,4493,1)
(3933,4493,1)-(3933,4493,2)
(3933,4458,2)-(3933,4493,2)
(3933,4458,1)-(3933,4458,2)
(3933,4388,2)-(3933,4458,2)
(3933,4388,1)-(3933,4388,2)
(3968,4493,1)-(4038,4493,1)
(4038,4493,1)-(4038,4493,2)
(4038,4493,2)-(4038,4808,2)
(4038,4808,1)-(4038,4808,2)
(4038,4808,1)-(4808,4808,1)
!
n100127 100127 4
(4213,4703,1)-(4213,4703,2)
(4213,4703,2)-(4213,4738,2)
(4213,4738,1)-(4213,4738,2)
(4213,4738,1)-(4248,4738,1)
!
n100128 100128 1
(4248,4738,1)-(4458,4738,1)
!
n100129 100129 35
(4143,4703,1)-(4178,4703,1)
(4143,4703,1)-(4178,4703,1)
(4178,4703,1)-(4213,4703,1)
(4143,4703,1)-(4213,4703,1)
(4213,4703,1)-(4248,4703,1)
(4143,4703,1)-(4213,4703,1)
(4213,4703,1)-(4213,4703,2)
(4213,4668,2)-(4213,4703,2)
(4213,4668,1)-(4213,4668,2)
(4213,4668,1)-(4213,4668,2)
(4213,4668,2)-(4213,4703,2)
(4213,4668,1)-(4248,4668,1)
(4213,4703,2)-(4213,4738,2)
(4213,4738,1)-(4213,4738,2)
(4213,4738,1)-(4213,4738,2)
(4213,4703,2)-(4213,4738,2)
(4213,4738,1)-(4248,4738,1)
(4213,4668,2)-(4213,4703,2)
(4213,4633,2)-(4213,4668,2)
(4213,4633,1)-(4213,4633,2)
(4213,4633,1)-(4213,4633,2)
(4213,4633,1)-(4248,4633,1)
(4213,4598,2)-(4213,4633,2)
(4213,4598,1)-(4213,4598,2)
(4213,4598,1)-(4213,4598,2)
(4143,4598,1)-(4213,4598,1)
(4143,4598,1)-(4178,4598,1)
(4213,4703,2)-(4213,4738,2)
(4213,4738,2)-(4213,4808,2)
(4213,4808,1)-(4213,4808,2)
(4178,4808,1)-(4213,4808,1)
(4178,4808,1)-(4213,4808,1)
(4213,4808,1)-(4213,4808,2)
(4213,4773,2)-(4213,4808,2)
(4143,4808,1)-(4178,4808,1)
!
n10013 10013 4
(11108,10093,1)-(11108,10093,2)
(11108,10093,2)-(11108,10128,2)
(11108,10128,1)-(11108,10128,2)
(11038,10128,1)-(11108,10128,1)
!
n100130 100130 35
(4143,4843,1)-(4248,4843,1)
(4143,4843,1)-(4178,4843,1)
(4143,4843,1)-(4143,4843,2)
(4143,4773,2)-(4143,4843,2)
(4143,4773,1)-(4143,4773,2)
(4143,4773,2)-(4143,4808,2)
(4143,4738,2)-(4143,4773,2)
(4143,4738,1)-(4143,4738,2)
(4143,4738,2)-(4143,4808,2)
(4143,4703,2)-(4143,4738,2)
(4143,4703,1)-(4143,4703,2)
(4143,4703,1)-(4143,4703,2)
(4143,4703,1)-(4213,4703,1)
(4143,4738,1)-(4143,4738,2)
(4143,4738,2)-(4143,4808,2)
(4143,4738,1)-(4248,4738,1)
(4143,4668,2)-(4143,4703,2)
(4143,4668,1)-(4143,4668,2)
(4143,4668,1)-(4178,4668,1)
(4143,4668,1)-(4178,4668,1)
(4178,4668,1)-(4248,4668,1)
(4143,4668,1)-(4143,4668,2)
(4143,4633,2)-(4143,4668,2)
(4143,4633,1)-(4143,4633,2)
(4143,4633,1)-(4143,4633,2)
(4143,4633,2)-(4143,4668,2)
(4143,4668,1)-(4143,4668,2)
(4143,4633,1)-(4213,4633,1)
(4143,4633,2)-(4143,4668,2)
(4143,4668,1)-(4143,4668,2)
(4143,4563,2)-(4143,4633,2)
(4143,4563,1)-(4143,4563,2)
(4143,4773,1)-(4143,4773,2)
(4143,4773,2)-(4143,4808,2)
(4143,4773,1)-(4423,4773,1)
!
n100131 100131 4
(4458,4878,1)-(4458,4878,2)
(4458,4738,2)-(4458,4878,2)
(4458,4738,1)-(4458,4738,2)
(4248,4738,1)-(4458,4738,1)
!
n100133 100133 4
(4423,4668,1)-(4423,4668,2)
(4423,4633,2)-(4423,4668,2)
(4423,4633,1)-(4423,4633,2)
(4248,4633,1)-(4423,4633,1)
!
n100134 100134 4
(4458,4738,1)-(4458,4738,2)
(4458,4668,2)-(4458,4738,2)
(4458,4668,1)-(4458,4668,2)
(4248,4668,1)-(4458,4668,1)
!
n100135 100135 1
(4213,4668,1)-(4248,4668,1)
!
n100136 100136 1
(4248,4668,1)-(4493,4668,1)
!
n100137 100137 4
(4458,4773,1)-(4458,4773,2)
(4458,4668,2)-(4458,4773,2)
(4458,4668,1)-(4458,4668,2)
(4248,4668,1)-(4458,4668,1)
!
n100139 100139 4
(4493,4633,1)-(4493,4633,2)
(4493,4633,2)-(4493,4703,2)
(4493,4703,1)-(4493,4703,2)
(4248,4703,1)-(4493,4703,1)
!
n10014 10014 4
(11073,10058,1)-(11073,10058,2)
(11073,10058,2)-(11073,10093,2)
(11073,10093,1)-(11073,10093,2)
(11038,10093,1)-(11073,10093,1)
!
n100140 100140 34
(4248,4843,1)-(4248,4843,2)
(4248,4843,2)-(4248,4913,2)
(4248,4913,1)-(4248,4913,2)
(4248,4913,1)-(4248,4913,2)
(4213,4913,1)-(4248,4913,1)
(4248,4808,2)-(4248,4843,2)
(4248,4808,1)-(4248,4808,2)
(4143,4808,1)-(4248,4808,1)
(4248,4808,2)-(4248,4843,2)
(4248,4738,2)-(4248,4808,2)
(4248,4738,1)-(4248,4738,2)
(4213,4738,1)-(4248,4738,1)
(4248,4738,2)-(4248,4773,2)
(4248,4703,2)-(4248,4738,2)
(4248,4703,1)-(4248,4703,2)
(4248,4703,1)-(4248,4703,2)
(4143,4703,1)-(4248,4703,1)
(4143,4703,1)-(4178,4703,1)
(4248,4668,2)-(4248,4703,2)
(4248,4668,1)-(4248,4668,2)
(4213,4668,1)-(4248,4668,1)
(4248,4668,1)-(4248,4668,2)
(4248,4633,2)-(4248,4668,2)
(4248,4633,1)-(4248,4633,2)
(4248,4633,1)-(4248,4633,2)
(4178,4633,1)-(4248,4633,1)
(4178,4633,1)-(4213,4633,1)
(4178,4633,1)-(4178,4633,2)
(4178,4598,2)-(4178,4633,2)
(4178,4598,1)-(4178,4598,2)
(4178,4598,2)-(4178,4633,2)
(4178,4563,2)-(4178,4598,2)
(4178,4563,1)-(4178,4563,2)
(4108,4563,1)-(4178,4563,1)
!
n100141 100141 3
(4248,4738,1)-(4248,4738,2)
(4248,4703,2)-(4248,4738,2)
(4248,4703,1)-(4248,4703,2)
!
n100142 100142 3
(4213,4703,1)-(4213,4703,2)
(4213,4703,2)-(4213,4738,2)
(4213,4738,1)-(4213,4738,2)
!
n100143 100143 1
(4213,4738,1)-(4493,4738,1)
!
n100146 100146 1
(4213,4703,1)-(4458,4703,1)
!
n100147 100147 3
(4213,4738,1)-(4213,4738,2)
(4213,4703,2)-(4213,4738,2)
(4213,4703,1)-(4213,4703,2)
!
n100148 100148 1
(4178,4703,1)-(4493,4703,1)
!
n100149 100149 39
(4143,4773,1)-(4178,4773,1)
(4143,4773,1)-(4178,4773,1)
(4143,4773,1)-(4143,4773,2)
(4143,4738,2)-(4143,4773,2)
(4143,4738,1)-(4143,4738,2)
(4143,4773,2)-(4143,4808,2)
(4143,4808,1)-(4143,4808,2)
(4143,4808,2)-(4143,4843,2)
(4143,4843,1)-(4143,4843,2)
(4143,4738,2)-(4143,4808,2)
(4143,4703,2)-(4143,4738,2)
(4143,4703,1)-(4143,4703,2)
(4143,4703,1)-(4178,4703,1)
(4143,4703,1)-(4143,4703,2)
(4143,4668,2)-(4143,4703,2)
(4143,4668,1)-(4143,4668,2)
(4143,4668,1)-(4178,4668,1)
(4143,4668,1)-(4143,4668,2)
(4143,4633,2)-(4143,4668,2)
(4143,4633,1)-(4143,4633,2)
(4143,4633,1)-(4178,4633,1)
(4143,4633,1)-(4178,4633,1)
(4178,4633,1)-(4213,4633,1)
(4178,4633,1)-(4213,4633,1)
(4213,4633,1)-(4213,4633,2)
(4213,4598,2)-(4213,4633,2)
(4213,4598,1)-(4213,4598,2)
(4143,4633,2)-(4143,4668,2)
(4143,4668,1)-(4143,4668,2)
(4143,4563,2)-(4143,4633,2)
(4143,4563,1)-(4143,4563,2)
(4108,4563,1)-(4143,4563,1)
(4143,4808,2)-(4143,4843,2)
(4143,4843,2)-(4143,4913,2)
(4143,4913,1)-(4143,4913,2)
(4143,4913,1)-(4248,4913,1)
(4143,4913,1)-(4178,4913,1)
(4178,4913,1)-(4213,4913,1)
(4178,4773,1)-(4423,4773,1)
!
n10015 10015 4
(10478,10093,1)-(10478,10093,2)
(10478,10058,2)-(10478,10093,2)
(10478,10058,1)-(10478,10058,2)
(10478,10058,1)-(11038,10058,1)
!
n100151 100151 3
(4178,4738,1)-(4178,4738,2)
(4178,4703,2)-(4178,4738,2)
(4178,4703,1)-(4178,4703,2)
!
n100152 100152 3
(4213,4598,1)-(4213,4598,2)
(4213,4598,2)-(4213,4633,2)
(4213,4633,1)-(4213,4633,2)
!
n100153 100153 3
(4213,4598,1)-(4213,4598,2)
(4213,4598,2)-(4213,4633,2)
(4213,4633,1)-(4213,4633,2)
!
n100154 100154 3
(4108,4633,1)-(4108,4633,2)
(4108,4563,2)-(4108,4633,2)
(4108,4563,1)-(4108,4563,2)
!
n100155 100155 1
(4108,4598,1)-(4143,4598,1)
!
n100156 100156 1
(4108,4633,1)-(4143,4633,1)
!
